2024-06-21T15:14:24.894Z - POST - /api/ads
2024-06-21T15:15:10.873Z - GET - /api/ads
2024-06-21T15:15:30.471Z - DELETE - /api/ads/8
2024-06-21T15:15:46.336Z - DELETE - /api/ads/8
2024-06-21T15:15:51.738Z - DELETE - /api/ads/7
2024-06-21T15:16:04.001Z - PUT - /api/ads/6
2024-06-21T15:41:55.664Z - POST - /dssdd/dfdf
2024-06-21T16:01:29.132Z - POST - /dssdd/dfdf
2024-06-21T16:01:56.701Z - DELETE - /api/ads/8
2024-06-21T16:04:25.910Z - DELETE - /api/ads/88
2024-06-21T16:04:48.792Z - GET - /aputyjgkhjnk
2024-06-21T16:06:50.084Z - POST - /api/ads
2024-06-21T16:20:54.098Z - POST - /api/ads
2024-06-21T16:21:00.697Z - POST - /api/ads
2024-06-21T16:21:11.176Z - POST - /api/ads
2024-06-21T16:21:21.052Z - GET - /api/ads/3
2024-06-21T16:21:33.978Z - GET - /api/heartbeat
2024-06-21T16:21:42.222Z - GET - /api/search?title=rower
2024-06-21T16:22:00.572Z - GET - /api/search?tit=tryftugyh
2024-06-21T16:22:24.511Z - GET - /api/search?ti
2024-06-21T16:22:29.381Z - GET - /api/search
2024-06-21T16:22:35.089Z - GET - /api/sear
2024-06-21T16:24:18.463Z - GET - /api/search?author=John
2024-06-21T16:24:32.994Z - GET - /api/search?category=praca
2024-06-21T16:25:27.668Z - GET - /api/search?category=praca
2024-06-21T16:26:03.072Z - POST - /api/ads
2024-06-21T16:27:34.550Z - POST - /api/ads
2024-06-21T16:28:44.629Z - POST - /api/ads
2024-06-21T16:29:05.205Z - POST - /api/ads
2024-06-21T16:29:47.908Z - POST - /api/ads
2024-06-21T16:37:54.798Z - POST - /api/adsfyguhj
2024-06-21T16:38:24.463Z - DELETE - /api/ads/88
2024-06-21T16:38:35.649Z - PUT - /api/ads/6
2024-06-21T16:41:12.480Z - PUT - /api/ads/6
2024-06-21T16:41:22.495Z - PUT - /api/ads/3
2024-06-21T16:41:39.215Z - GET - /a44rpi/sear
2024-06-22T19:56:47.580Z - GET - /api/ads
2024-06-22T19:57:00.090Z - GET - /api/ads/3
2024-06-22T19:59:03.220Z - GET - /api/ads/3
2024-06-22T19:59:16.385Z - GET - /api/ads/3
2024-06-22T20:02:01.618Z - GET - /api/ads/3
